[pages.landingcube.com/product/talking-tom-toy/index.html]
[backblue.gif]
[fade.gif]
[index.html]
[cdn.landingcube.com/1/products/24339/product_image_5f02c8d6cf6f3.jpg]
[pages.landingcube.com/wp-content/themes/landingcube/style.min85ac.css]
[pages.landingcube.com/wp-content/themes/landingcube/templates/layouts/layout_2/layout_2.min85ac.css]
[pages.landingcube.com/apple-touch-icon.png]
[pages.landingcube.com/favicon-32x32.png]
[pages.landingcube.com/favicon-16x16.png]
[connect.facebook.net/en_US/fbevents.js]
[cdn.landingcube.com/1/products/24339/product_image_5f02c8d71b564.jpg]
[cdn.landingcube.com/1/products/24339/product_image_5f02c8d769bc2.jpg]
[cdn.landingcube.com/1/products/24339/product_image_5f02c8d7aa848.jpg]
[cdn.landingcube.com/1/products/24339/product_image_5f02c8d7e8f84.jpg]
[pages.landingcube.com/wp-content/themes/landingcube/assets/available_at_amazon_en_vertical.png]
[pages.landingcube.com/wp-includes/js/jquery/jquery4a5f.js]
[pages.landingcube.com/wp-includes/js/jquery/jquery-migrate.min330a.js]
[pages.landingcube.com/wp-content/themes/landingcube/js/campaign_common.min85ac.js]
[pages.landingcube.com/wp-content/themes/landingcube/js/product_page.min85ac.js]
[pages.landingcube.com/wp-content/themes/landingcube/third-party/slick/slick.min85ac.js]
[pages.landingcube.com/wp-content/themes/landingcube/templates/layouts/layout_2/layout_2.min85ac.js]
[cdnjs.cloudflare.com/ajax/libs/iframe-resizer/3.6.1/iframeResizer.contentWindow.mina7a0.js]
[pages.landingcube.com/wp-includes/js/wp-embed.min7661.js]
[pages.landingcube.com/product/talking-tom-toy/index.html]
[pages.landingcube.com/wp-content/themes/landingcube/style.min85ac.css]
[pages.landingcube.com/wp-content/themes/landingcube/templates/layouts/layout_2/layout_2.min85ac.css]
[connect.facebook.net/en_US/fbevents.js]
