[www.sanjitchakrabarti.com/dancing-robot-orange/index.html]
[backblue.gif]
[fade.gif]
[index.html]
[www.sanjitchakrabarti.com/dancing-robot-orange/cdn.landingcube.com/1/products/24339/product_image_5f05bce47138b.jpg]
[www.sanjitchakrabarti.com/dancing-robot-orange/index-2.html]
[www.sanjitchakrabarti.com/dancing-robot-orange/pages.landingcube.com/wp-content/themes/landingcube/style.min85ac85ac.css]
[www.sanjitchakrabarti.com/dancing-robot-orange/pages.landingcube.com/wp-content/themes/landingcube/templates/layouts/layout_2/layout_2.min85ac85ac.css]
[www.sanjitchakrabarti.com/dancing-robot-orange/pages.landingcube.com/apple-touch-icon.png]
[www.sanjitchakrabarti.com/dancing-robot-orange/pages.landingcube.com/favicon-32x32.png]
[www.sanjitchakrabarti.com/dancing-robot-orange/pages.landingcube.com/favicon-16x16.png]
[www.sanjitchakrabarti.com/dancing-robot-orange/connect.facebook.net/en_US/fbevents.js]
[www.sanjitchakrabarti.com/dancing-robot-orange/cdn.landingcube.com/1/products/24339/product_image_5f05bce4c59ec.jpg]
[www.sanjitchakrabarti.com/dancing-robot-orange/cdn.landingcube.com/1/products/24339/product_image_5f05bce52a11a.jpg]
[www.sanjitchakrabarti.com/dancing-robot-orange/cdn.landingcube.com/1/products/24339/product_image_5f05bce57f78b.jpg]
[www.sanjitchakrabarti.com/dancing-robot-orange/cdn.landingcube.com/1/products/24339/product_image_5f05bce5d561d.jpg]
[www.sanjitchakrabarti.com/dancing-robot-orange/pages.landingcube.com/wp-content/themes/landingcube/assets/available_at_amazon_en_vertical.png]
[www.sanjitchakrabarti.com/dancing-robot-orange/pages.landingcube.com/wp-includes/js/jquery/jquery4a5f4a5f.js]
[www.sanjitchakrabarti.com/dancing-robot-orange/pages.landingcube.com/wp-includes/js/jquery/jquery-migrate.min330a330a.js]
[www.sanjitchakrabarti.com/dancing-robot-orange/pages.landingcube.com/wp-content/themes/landingcube/js/campaign_common.min85ac85ac.js]
[www.sanjitchakrabarti.com/dancing-robot-orange/pages.landingcube.com/wp-content/themes/landingcube/js/product_page.min85ac85ac.js]
[www.sanjitchakrabarti.com/dancing-robot-orange/pages.landingcube.com/wp-content/themes/landingcube/third-party/slick/slick.min85ac85ac.js]
[www.sanjitchakrabarti.com/dancing-robot-orange/pages.landingcube.com/wp-content/themes/landingcube/templates/layouts/layout_2/layout_2.min85ac85ac.js]
[www.sanjitchakrabarti.com/dancing-robot-orange/cdnjs.cloudflare.com/ajax/libs/iframe-resizer/3.6.1/iframeResizer.contentWindow.mina7a0a7a0.js]
[www.sanjitchakrabarti.com/dancing-robot-orange/pages.landingcube.com/wp-includes/js/wp-embed.min76617661.js]
[www.sanjitchakrabarti.com/dancing-robot-orange/index.html]
[www.sanjitchakrabarti.com/dancing-robot-orange/index-2.html]
[www.sanjitchakrabarti.com/dancing-robot-orange/pages.landingcube.com/wp-content/themes/landingcube/style.min85ac85ac.css]
[www.sanjitchakrabarti.com/dancing-robot-orange/pages.landingcube.com/wp-content/themes/landingcube/templates/layouts/layout_2/assets/testimonial-bg-world-left.svg]
[www.sanjitchakrabarti.com/dancing-robot-orange/pages.landingcube.com/wp-content/themes/landingcube/templates/layouts/layout_2/assets/testimonial-bg-world-right.svg]
[www.sanjitchakrabarti.com/dancing-robot-orange/pages.landingcube.com/wp-content/themes/landingcube/templates/layouts/layout_2/assets/faq.svg]
[www.sanjitchakrabarti.com/dancing-robot-orange/pages.landingcube.com/wp-content/themes/landingcube/templates/layouts/layout_2/assets/email.svg]
[www.sanjitchakrabarti.com/dancing-robot-orange/pages.landingcube.com/wp-content/themes/landingcube/templates/layouts/layout_2/layout_2.min85ac85ac.css]
[www.sanjitchakrabarti.com/dancing-robot-orange/pages.landingcube.com/wp-content/themes/landingcube/templates/layouts/layout_2/assets/triangle.svg]
[www.sanjitchakrabarti.com/dancing-robot-orange/pages.landingcube.com/wp-content/themes/landingcube/templates/layouts/layout_2/assets/reminder-svg-square-1.svg]
[www.sanjitchakrabarti.com/dancing-robot-orange/pages.landingcube.com/wp-content/themes/landingcube/templates/layouts/layout_2/assets/reminder-svg-square-2.svg]
[www.sanjitchakrabarti.com/dancing-robot-orange/pages.landingcube.com/wp-content/themes/landingcube/templates/layouts/layout_2/assets/testimonial-bg-world-left.svg]
[www.sanjitchakrabarti.com/dancing-robot-orange/pages.landingcube.com/wp-content/themes/landingcube/templates/layouts/layout_2/assets/testimonial-bg-world-right.svg]
[www.sanjitchakrabarti.com/dancing-robot-orange/pages.landingcube.com/wp-content/themes/landingcube/templates/layouts/layout_2/assets/left.svg]
[www.sanjitchakrabarti.com/dancing-robot-orange/pages.landingcube.com/wp-content/themes/landingcube/templates/layouts/layout_2/assets/right.svg]
[www.sanjitchakrabarti.com/dancing-robot-orange/pages.landingcube.com/wp-content/themes/landingcube/templates/layouts/layout_2/assets/circle.svg]
[www.sanjitchakrabarti.com/dancing-robot-orange/pages.landingcube.com/wp-content/themes/landingcube/templates/layouts/layout_2/assets/faq.svg]
[www.sanjitchakrabarti.com/dancing-robot-orange/pages.landingcube.com/wp-content/themes/landingcube/templates/layouts/layout_2/assets/drop-down.svg]
[www.sanjitchakrabarti.com/dancing-robot-orange/pages.landingcube.com/wp-content/themes/landingcube/templates/layouts/layout_2/assets/pattern.svg]
[www.sanjitchakrabarti.com/dancing-robot-orange/pages.landingcube.com/wp-content/themes/landingcube/templates/layouts/layout_2/assets/email.svg]
